99.06.11 08:58 B C:\mytemp\core\techcenter\mgnmclass\pics\threading\no31.gif <-- SiteTest /new/core/techcenter/mgnmclass/pics/threading no31.gif
99.06.11 08:58 B C:\mytemp\core\techcenter\mgnmclass\pics\threading\no31s60.gif <-- SiteTest /new/core/techcenter/mgnmclass/pics/threading no31s60.gif
99.06.11 08:58 B C:\mytemp\core\techcenter\mgnmclass\pics\threading\no38sm-2.gif <-- SiteTest /new/core/techcenter/mgnmclass/pics/threading no38sm-2.gif
99.06.11 08:58 B C:\mytemp\core\techcenter\mgnmclass\pics\threading\no40sM-3.gif <-- SiteTest /new/core/techcenter/mgnmclass/pics/threading no40sM-3.gif
99.06.11 08:58 B C:\mytemp\core\techcenter\mgnmclass\pics\threading\no50sA-3.gif <-- SiteTest /new/core/techcenter/mgnmclass/pics/threading no50sA-3.gif
99.06.11 08:58 B C:\mytemp\core\techcenter\mgnmclass\pics\threading\no56.gif <-- SiteTest /new/core/techcenter/mgnmclass/pics/threading no56.gif
99.06.11 08:58 B C:\mytemp\core\techcenter\mgnmclass\pics\threading\no69sM-3Q-3.gif <-- SiteTest /new/core/techcenter/mgnmclass/pics/threading no69sM-3Q-3.gif
99.06.11 08:58 B C:\mytemp\core\techcenter\mgnmclass\pics\threading\no72sM-2DNR-1.gif <-- SiteTest /new/core/techcenter/mgnmclass/pics/threading no72sM-2DNR-1.gif
99.06.11 08:58 B C:\mytemp\core\techcenter\mgnmclass\pics\threading\no75sMG-4D45.60.67.gif <-- SiteTest /new/core/techcenter/mgnmclass/pics/threading no75sMG-4D45.60.67.gif
99.06.11 08:58 B C:\mytemp\core\techcenter\mgnmclass\pics\threading\no77sMG-3DW-7.gif <-- SiteTest /new/core/techcenter/mgnmclass/pics/threading no77sMG-3DW-7.gif
99.06.11 08:58 B C:\mytemp\core\techcenter\mgnmclass\pics\threading\no78MG-3U.gif <-- SiteTest /new/core/techcenter/mgnmclass/pics/threading no78MG-3U.gif
99.06.11 08:58 B C:\mytemp\core\techcenter\mgnmclass\pics\threading\no78SsMG-3U.gif <-- SiteTest /new/core/techcenter/mgnmclass/pics/threading no78SsMG-3U.gif
99.06.11 08:58 B C:\mytemp\core\techcenter\mgnmclass\pics\threading\noM-44sM-2.gif <-- SiteTest /new/core/techcenter/mgnmclass/pics/threading noM-44sM-2.gif
99.06.11 08:58 B C:\mytemp\core\techcenter\mgnmclass\pics\threading\noM-52sM-3.gif <-- SiteTest /new/core/techcenter/mgnmclass/pics/threading noM-52sM-3.gif
99.06.11 08:58 B C:\mytemp\core\techcenter\mgnmclass\pics\threading\noM-64sMG-3.gif <-- SiteTest /new/core/techcenter/mgnmclass/pics/threading noM-64sMG-3.gif
99.06.11 09:01 B C:\mytemp\core\techcenter\mgnmclass\pics\threading\no31.gif --> merrow.com /core/techcenter/mgnmclass/pics/threading no31.gif
99.06.11 09:01 B C:\mytemp\core\techcenter\mgnmclass\pics\threading\no31s60.gif --> merrow.com /core/techcenter/mgnmclass/pics/threading no31s60.gif
99.06.11 09:01 B C:\mytemp\core\techcenter\mgnmclass\pics\threading\no38sm-2.gif --> merrow.com /core/techcenter/mgnmclass/pics/threading no38sm-2.gif
99.06.11 09:01 B C:\mytemp\core\techcenter\mgnmclass\pics\threading\no40sM-3.gif --> merrow.com /core/techcenter/mgnmclass/pics/threading no40sM-3.gif
99.06.11 09:01 B C:\mytemp\core\techcenter\mgnmclass\pics\threading\no50sA-3.gif --> merrow.com /core/techcenter/mgnmclass/pics/threading no50sA-3.gif
99.06.11 09:01 B C:\mytemp\core\techcenter\mgnmclass\pics\threading\no56.gif --> merrow.com /core/techcenter/mgnmclass/pics/threading no56.gif
99.06.11 09:01 B C:\mytemp\core\techcenter\mgnmclass\pics\threading\no69sM-3Q-3.gif --> merrow.com /core/techcenter/mgnmclass/pics/threading no69sM-3Q-3.gif
99.06.11 09:01 B C:\mytemp\core\techcenter\mgnmclass\pics\threading\no72sM-2DNR-1.gif --> merrow.com /core/techcenter/mgnmclass/pics/threading no72sM-2DNR-1.gif
99.06.11 09:01 B C:\mytemp\core\techcenter\mgnmclass\pics\threading\no75sMG-4D45.60.67.gif --> merrow.com /core/techcenter/mgnmclass/pics/threading no75sMG-4D45.60.67.gif
99.06.11 09:01 B C:\mytemp\core\techcenter\mgnmclass\pics\threading\no77sMG-3DW-7.gif --> merrow.com /core/techcenter/mgnmclass/pics/threading no77sMG-3DW-7.gif
99.06.11 09:01 B C:\mytemp\core\techcenter\mgnmclass\pics\threading\no78MG-3U.gif --> merrow.com /core/techcenter/mgnmclass/pics/threading no78MG-3U.gif
99.06.11 09:01 B C:\mytemp\core\techcenter\mgnmclass\pics\threading\no78SsMG-3U.gif --> merrow.com /core/techcenter/mgnmclass/pics/threading no78SsMG-3U.gif
99.06.11 09:01 B C:\mytemp\core\techcenter\mgnmclass\pics\threading\noM-44sM-2.gif --> merrow.com /core/techcenter/mgnmclass/pics/threading noM-44sM-2.gif
99.06.11 09:01 B C:\mytemp\core\techcenter\mgnmclass\pics\threading\noM-52sM-3.gif --> merrow.com /core/techcenter/mgnmclass/pics/threading noM-52sM-3.gif
99.06.11 09:01 B C:\mytemp\core\techcenter\mgnmclass\pics\threading\noM-64sMG-3.gif --> merrow.com /core/techcenter/mgnmclass/pics/threading noM-64sMG-3.gif
