99.06.11 08:58 B C:\mytemp\core\productline\pics\butted.gif <-- SiteTest /new/core/productline/pics butted.gif
99.06.11 08:58 B C:\mytemp\core\productline\pics\buttedname.gif <-- SiteTest /new/core/productline/pics buttedname.gif
99.06.11 08:58 B C:\mytemp\core\productline\pics\corner.gif <-- SiteTest /new/core/productline/pics corner.gif
99.06.11 08:58 B C:\mytemp\core\productline\pics\crochet.gif <-- SiteTest /new/core/productline/pics crochet.gif
99.06.11 08:58 B C:\mytemp\core\productline\pics\crochetname.gif <-- SiteTest /new/core/productline/pics crochetname.gif
99.06.11 08:58 B C:\mytemp\core\productline\pics\crochetshell.gif <-- SiteTest /new/core/productline/pics crochetshell.gif
99.06.11 08:58 B C:\mytemp\core\productline\pics\crochshell.gif <-- SiteTest /new/core/productline/pics crochshell.gif
99.06.11 08:58 B C:\mytemp\core\productline\pics\decorative.gif <-- SiteTest /new/core/productline/pics decorative.gif
99.06.11 08:58 B C:\mytemp\core\productline\pics\decOveredge.gif <-- SiteTest /new/core/productline/pics decOveredge.gif
99.06.11 08:58 B C:\mytemp\core\productline\pics\header.gif <-- SiteTest /new/core/productline/pics header.gif
99.06.11 08:58 B C:\mytemp\core\productline\pics\hosiery.gif <-- SiteTest /new/core/productline/pics hosiery.gif
99.06.11 08:58 B C:\mytemp\core\productline\pics\hosieryname.gif <-- SiteTest /new/core/productline/pics hosieryname.gif
99.06.11 08:58 B C:\mytemp\core\productline\pics\merrowlogo.gif <-- SiteTest /new/core/productline/pics merrowlogo.gif
99.06.11 08:58 B C:\mytemp\core\productline\pics\merrowpatch.gif <-- SiteTest /new/core/productline/pics merrowpatch.gif
99.06.11 08:58 B C:\mytemp\core\productline\pics\mpatch.gif <-- SiteTest /new/core/productline/pics mpatch.gif
99.06.11 08:58 B C:\mytemp\core\productline\pics\performance.gif <-- SiteTest /new/core/productline/pics performance.gif
99.06.11 08:58 B C:\mytemp\core\productline\pics\productline.gif <-- SiteTest /new/core/productline/pics productline.gif
99.06.11 08:58 B C:\mytemp\core\productline\pics\tile.gif <-- SiteTest /new/core/productline/pics tile.gif
99.06.11 09:00 B C:\mytemp\core\productline\pics\butted.gif --> merrow.com /core/productline/pics butted.gif
99.06.11 09:00 B C:\mytemp\core\productline\pics\buttedname.gif --> merrow.com /core/productline/pics buttedname.gif
99.06.11 09:00 B C:\mytemp\core\productline\pics\corner.gif --> merrow.com /core/productline/pics corner.gif
99.06.11 09:00 B C:\mytemp\core\productline\pics\crochet.gif --> merrow.com /core/productline/pics crochet.gif
99.06.11 09:00 B C:\mytemp\core\productline\pics\crochetname.gif --> merrow.com /core/productline/pics crochetname.gif
99.06.11 09:00 B C:\mytemp\core\productline\pics\crochetshell.gif --> merrow.com /core/productline/pics crochetshell.gif
99.06.11 09:01 B C:\mytemp\core\productline\pics\crochshell.gif --> merrow.com /core/productline/pics crochshell.gif
99.06.11 09:01 B C:\mytemp\core\productline\pics\decorative.gif --> merrow.com /core/productline/pics decorative.gif
99.06.11 09:01 B C:\mytemp\core\productline\pics\decOveredge.gif --> merrow.com /core/productline/pics decOveredge.gif
99.06.11 09:01 B C:\mytemp\core\productline\pics\header.gif --> merrow.com /core/productline/pics header.gif
99.06.11 09:01 B C:\mytemp\core\productline\pics\hosiery.gif --> merrow.com /core/productline/pics hosiery.gif
99.06.11 09:01 B C:\mytemp\core\productline\pics\hosieryname.gif --> merrow.com /core/productline/pics hosieryname.gif
99.06.11 09:01 B C:\mytemp\core\productline\pics\merrowlogo.gif --> merrow.com /core/productline/pics merrowlogo.gif
99.06.11 09:01 B C:\mytemp\core\productline\pics\merrowpatch.gif --> merrow.com /core/productline/pics merrowpatch.gif
99.06.11 09:01 B C:\mytemp\core\productline\pics\mpatch.gif --> merrow.com /core/productline/pics mpatch.gif
99.06.11 09:01 B C:\mytemp\core\productline\pics\performance.gif --> merrow.com /core/productline/pics performance.gif
99.06.11 09:01 B C:\mytemp\core\productline\pics\productline.gif --> merrow.com /core/productline/pics productline.gif
99.06.11 09:01 B C:\mytemp\core\productline\pics\tile.gif --> merrow.com /core/productline/pics tile.gif
