99.06.11 08:57 B C:\mytemp\core\productline\crochetshell\pics\22-FJ.gif <-- SiteTest /new/core/productline/crochetshell/pics 22-FJ.gif
99.06.11 08:57 B C:\mytemp\core\productline\crochetshell\pics\22-FJb.gif <-- SiteTest /new/core/productline/crochetshell/pics 22-FJb.gif
99.06.11 08:57 B C:\mytemp\core\productline\crochetshell\pics\27-FJ.gif <-- SiteTest /new/core/productline/crochetshell/pics 27-FJ.gif
99.06.11 08:57 B C:\mytemp\core\productline\crochetshell\pics\27-FJb.gif <-- SiteTest /new/core/productline/crochetshell/pics 27-FJb.gif
99.06.11 08:57 B C:\mytemp\core\productline\crochetshell\pics\35-FJ.gif <-- SiteTest /new/core/productline/crochetshell/pics 35-FJ.gif
99.06.11 08:57 B C:\mytemp\core\productline\crochetshell\pics\35-FJb.gif <-- SiteTest /new/core/productline/crochetshell/pics 35-FJb.gif
99.06.11 08:57 B C:\mytemp\core\productline\crochetshell\pics\crochetmach.gif <-- SiteTest /new/core/productline/crochetshell/pics crochetmach.gif
99.06.11 08:57 B C:\mytemp\core\productline\crochetshell\pics\crochetshell.gif <-- SiteTest /new/core/productline/crochetshell/pics crochetshell.gif
99.06.11 08:57 B C:\mytemp\core\productline\crochetshell\pics\m.gif <-- SiteTest /new/core/productline/crochetshell/pics m.gif
99.06.11 08:57 B C:\mytemp\core\productline\crochetshell\pics\merrowlogo.gif <-- SiteTest /new/core/productline/crochetshell/pics merrowlogo.gif
99.06.11 08:57 B C:\mytemp\core\productline\crochetshell\pics\merrowpatch.gif <-- SiteTest /new/core/productline/crochetshell/pics merrowpatch.gif
99.06.11 08:57 B C:\mytemp\core\productline\crochetshell\pics\mpatch.gif <-- SiteTest /new/core/productline/crochetshell/pics mpatch.gif
99.06.11 08:57 B C:\mytemp\core\productline\crochetshell\pics\performance.gif <-- SiteTest /new/core/productline/crochetshell/pics performance.gif
99.06.11 08:57 B C:\mytemp\core\productline\crochetshell\pics\rule.gif <-- SiteTest /new/core/productline/crochetshell/pics rule.gif
99.06.11 08:57 B C:\mytemp\core\productline\crochetshell\pics\specs.gif <-- SiteTest /new/core/productline/crochetshell/pics specs.gif
99.06.11 08:57 B C:\mytemp\core\productline\crochetshell\pics\subhead.gif <-- SiteTest /new/core/productline/crochetshell/pics subhead.gif
99.06.11 08:57 B C:\mytemp\core\productline\crochetshell\pics\tile.gif <-- SiteTest /new/core/productline/crochetshell/pics tile.gif
99.06.11 09:00 B C:\mytemp\core\productline\crochetshell\pics\22-FJ.gif --> merrow.com /core/productline/crochetshell/pics 22-FJ.gif
99.06.11 09:00 B C:\mytemp\core\productline\crochetshell\pics\22-FJb.gif --> merrow.com /core/productline/crochetshell/pics 22-FJb.gif
99.06.11 09:00 B C:\mytemp\core\productline\crochetshell\pics\27-FJ.gif --> merrow.com /core/productline/crochetshell/pics 27-FJ.gif
99.06.11 09:00 B C:\mytemp\core\productline\crochetshell\pics\27-FJb.gif --> merrow.com /core/productline/crochetshell/pics 27-FJb.gif
99.06.11 09:00 B C:\mytemp\core\productline\crochetshell\pics\35-FJ.gif --> merrow.com /core/productline/crochetshell/pics 35-FJ.gif
99.06.11 09:00 B C:\mytemp\core\productline\crochetshell\pics\35-FJb.gif --> merrow.com /core/productline/crochetshell/pics 35-FJb.gif
99.06.11 09:00 B C:\mytemp\core\productline\crochetshell\pics\crochetmach.gif --> merrow.com /core/productline/crochetshell/pics crochetmach.gif
99.06.11 09:00 B C:\mytemp\core\productline\crochetshell\pics\crochetshell.gif --> merrow.com /core/productline/crochetshell/pics crochetshell.gif
99.06.11 09:00 B C:\mytemp\core\productline\crochetshell\pics\m.gif --> merrow.com /core/productline/crochetshell/pics m.gif
99.06.11 09:00 B C:\mytemp\core\productline\crochetshell\pics\merrowlogo.gif --> merrow.com /core/productline/crochetshell/pics merrowlogo.gif
99.06.11 09:00 B C:\mytemp\core\productline\crochetshell\pics\merrowpatch.gif --> merrow.com /core/productline/crochetshell/pics merrowpatch.gif
99.06.11 09:00 B C:\mytemp\core\productline\crochetshell\pics\mpatch.gif --> merrow.com /core/productline/crochetshell/pics mpatch.gif
99.06.11 09:00 B C:\mytemp\core\productline\crochetshell\pics\performance.gif --> merrow.com /core/productline/crochetshell/pics performance.gif
99.06.11 09:00 B C:\mytemp\core\productline\crochetshell\pics\rule.gif --> merrow.com /core/productline/crochetshell/pics rule.gif
99.06.11 09:00 B C:\mytemp\core\productline\crochetshell\pics\specs.gif --> merrow.com /core/productline/crochetshell/pics specs.gif
99.06.11 09:00 B C:\mytemp\core\productline\crochetshell\pics\subhead.gif --> merrow.com /core/productline/crochetshell/pics subhead.gif
99.06.11 09:00 B C:\mytemp\core\productline\crochetshell\pics\tile.gif --> merrow.com /core/productline/crochetshell/pics tile.gif
