99.06.11 08:57 B C:\mytemp\core\productline\crochet\pics\15-CA-1.gif <-- SiteTest /new/core/productline/crochet/pics 15-CA-1.gif
99.06.11 08:57 B C:\mytemp\core\productline\crochet\pics\17-F.gif <-- SiteTest /new/core/productline/crochet/pics 17-F.gif
99.06.11 08:57 B C:\mytemp\core\productline\crochet\pics\18-A.gif <-- SiteTest /new/core/productline/crochet/pics 18-A.gif
99.06.11 08:57 B C:\mytemp\core\productline\crochet\pics\18-E.gif <-- SiteTest /new/core/productline/crochet/pics 18-E.gif
99.06.11 08:57 B C:\mytemp\core\productline\crochet\pics\18-G.gif <-- SiteTest /new/core/productline/crochet/pics 18-G.gif
99.06.11 08:57 B C:\mytemp\core\productline\crochet\pics\18-S.gif <-- SiteTest /new/core/productline/crochet/pics 18-S.gif
99.06.11 08:57 B C:\mytemp\core\productline\crochet\pics\crochet.gif <-- SiteTest /new/core/productline/crochet/pics crochet.gif
99.06.11 08:57 B C:\mytemp\core\productline\crochet\pics\crochettitle.gif <-- SiteTest /new/core/productline/crochet/pics crochettitle.gif
99.06.11 08:57 B C:\mytemp\core\productline\crochet\pics\m.gif <-- SiteTest /new/core/productline/crochet/pics m.gif
99.06.11 08:57 B C:\mytemp\core\productline\crochet\pics\merrowlogo.gif <-- SiteTest /new/core/productline/crochet/pics merrowlogo.gif
99.06.11 08:57 B C:\mytemp\core\productline\crochet\pics\merrowpatch.gif <-- SiteTest /new/core/productline/crochet/pics merrowpatch.gif
99.06.11 08:57 B C:\mytemp\core\productline\crochet\pics\mpatch.gif <-- SiteTest /new/core/productline/crochet/pics mpatch.gif
99.06.11 08:57 B C:\mytemp\core\productline\crochet\pics\performance.gif <-- SiteTest /new/core/productline/crochet/pics performance.gif
99.06.11 08:57 B C:\mytemp\core\productline\crochet\pics\rule.gif <-- SiteTest /new/core/productline/crochet/pics rule.gif
99.06.11 08:57 B C:\mytemp\core\productline\crochet\pics\specs.gif <-- SiteTest /new/core/productline/crochet/pics specs.gif
99.06.11 08:57 B C:\mytemp\core\productline\crochet\pics\subhead.gif <-- SiteTest /new/core/productline/crochet/pics subhead.gif
99.06.11 08:57 B C:\mytemp\core\productline\crochet\pics\tile.gif <-- SiteTest /new/core/productline/crochet/pics tile.gif
99.06.11 09:00 B C:\mytemp\core\productline\crochet\pics\15-CA-1.gif --> merrow.com /core/productline/crochet/pics 15-CA-1.gif
99.06.11 09:00 B C:\mytemp\core\productline\crochet\pics\17-F.gif --> merrow.com /core/productline/crochet/pics 17-F.gif
99.06.11 09:00 B C:\mytemp\core\productline\crochet\pics\18-A.gif --> merrow.com /core/productline/crochet/pics 18-A.gif
99.06.11 09:00 B C:\mytemp\core\productline\crochet\pics\18-E.gif --> merrow.com /core/productline/crochet/pics 18-E.gif
99.06.11 09:00 B C:\mytemp\core\productline\crochet\pics\18-G.gif --> merrow.com /core/productline/crochet/pics 18-G.gif
99.06.11 09:00 B C:\mytemp\core\productline\crochet\pics\18-S.gif --> merrow.com /core/productline/crochet/pics 18-S.gif
99.06.11 09:00 B C:\mytemp\core\productline\crochet\pics\crochet.gif --> merrow.com /core/productline/crochet/pics crochet.gif
99.06.11 09:00 B C:\mytemp\core\productline\crochet\pics\crochettitle.gif --> merrow.com /core/productline/crochet/pics crochettitle.gif
99.06.11 09:00 B C:\mytemp\core\productline\crochet\pics\m.gif --> merrow.com /core/productline/crochet/pics m.gif
99.06.11 09:00 B C:\mytemp\core\productline\crochet\pics\merrowlogo.gif --> merrow.com /core/productline/crochet/pics merrowlogo.gif
99.06.11 09:00 B C:\mytemp\core\productline\crochet\pics\merrowpatch.gif --> merrow.com /core/productline/crochet/pics merrowpatch.gif
99.06.11 09:00 B C:\mytemp\core\productline\crochet\pics\mpatch.gif --> merrow.com /core/productline/crochet/pics mpatch.gif
99.06.11 09:00 B C:\mytemp\core\productline\crochet\pics\performance.gif --> merrow.com /core/productline/crochet/pics performance.gif
99.06.11 09:00 B C:\mytemp\core\productline\crochet\pics\rule.gif --> merrow.com /core/productline/crochet/pics rule.gif
99.06.11 09:00 B C:\mytemp\core\productline\crochet\pics\specs.gif --> merrow.com /core/productline/crochet/pics specs.gif
99.06.11 09:00 B C:\mytemp\core\productline\crochet\pics\subhead.gif --> merrow.com /core/productline/crochet/pics subhead.gif
99.06.11 09:00 B C:\mytemp\core\productline\crochet\pics\tile.gif --> merrow.com /core/productline/crochet/pics tile.gif
