[12:12:57] === Phase 2: Download originals + full metadata ===
[12:12:57]   3384 unique photos, 0 already done, 3384 remaining
[12:13:18]   Progress: 10/100 (total: 10/3384)
[12:13:39]   Progress: 20/100 (total: 20/3384)
[12:14:00]   Progress: 30/100 (total: 30/3384)
[12:14:21]   Progress: 40/100 (total: 40/3384)
[12:14:41]   Progress: 50/100 (total: 50/3384)
[12:15:05]   Progress: 60/100 (total: 60/3384)
[12:15:39]   Progress: 70/100 (total: 70/3384)
[12:16:13]   Progress: 80/100 (total: 80/3384)
[12:16:45]   Progress: 90/100 (total: 90/3384)
[12:17:18]   Progress: 100/100 (total: 100/3384)
[12:17:18] Batch 1: 100 processed (total: 100/3384)
[12:17:18] Cooldown 5 min...
[12:22:52]   Progress: 10/100 (total: 110/3384)
[12:23:26]   Progress: 20/100 (total: 120/3384)
[12:23:56]   Progress: 30/100 (total: 130/3384)
[12:24:29]   Progress: 40/100 (total: 140/3384)
[12:25:04]   Progress: 50/100 (total: 150/3384)
[12:25:39]   Progress: 60/100 (total: 160/3384)
[12:26:10]   Progress: 70/100 (total: 170/3384)
[12:26:45]   Progress: 80/100 (total: 180/3384)
[12:27:19]   Progress: 90/100 (total: 190/3384)
[12:27:52]   Progress: 100/100 (total: 200/3384)
[12:27:53] Batch 2: 100 processed (total: 200/3384)
[12:27:53] Cooldown 5 min...
[12:33:28]   Progress: 10/100 (total: 210/3384)
[12:34:01]   Progress: 20/100 (total: 220/3384)
[12:34:33]   Progress: 30/100 (total: 230/3384)
[12:35:05]   Progress: 40/100 (total: 240/3384)
[12:35:39]   Progress: 50/100 (total: 250/3384)
[12:36:12]   Progress: 60/100 (total: 260/3384)
[12:36:47]   Progress: 70/100 (total: 270/3384)
[12:37:23]   Progress: 80/100 (total: 280/3384)
[12:37:57]   Progress: 90/100 (total: 290/3384)
[12:38:29]   Progress: 100/100 (total: 300/3384)
[12:38:29] Batch 3: 100 processed (total: 300/3384)
[12:38:29] Cooldown 5 min...
[12:44:03]   Progress: 10/100 (total: 310/3384)
[12:44:39]   Progress: 20/100 (total: 320/3384)
[12:45:13]   Progress: 30/100 (total: 330/3384)
[12:45:44]   Progress: 40/100 (total: 340/3384)
[12:46:19]   Progress: 50/100 (total: 350/3384)
[12:46:54]   Progress: 60/100 (total: 360/3384)
[12:47:34]   Progress: 70/100 (total: 370/3384)
[12:48:06]   Progress: 80/100 (total: 380/3384)
[12:48:40]   Progress: 90/100 (total: 390/3384)
[12:49:15]   Progress: 100/100 (total: 400/3384)
[12:49:16] Batch 4: 100 processed (total: 400/3384)
[12:49:16] Cooldown 5 min...
[12:54:48]   Progress: 10/100 (total: 410/3384)
[12:55:20]   Progress: 20/100 (total: 420/3384)
[12:55:53]   Progress: 30/100 (total: 430/3384)
[12:56:29]   Progress: 40/100 (total: 440/3384)
[12:57:02]   Progress: 50/100 (total: 450/3384)
[12:57:35]   Progress: 60/100 (total: 460/3384)
[12:58:10]   Progress: 70/100 (total: 470/3384)
[12:58:45]   Progress: 80/100 (total: 480/3384)
[12:59:18]   Progress: 90/100 (total: 490/3384)
[12:59:49]   Progress: 100/100 (total: 500/3384)
[12:59:49] Batch 5: 100 processed (total: 500/3384)
[12:59:49] Cooldown 5 min...
[13:05:21]   Progress: 10/100 (total: 510/3384)
[13:05:55]   Progress: 20/100 (total: 520/3384)
[13:06:30]   Progress: 30/100 (total: 530/3384)
[13:07:02]   Progress: 40/100 (total: 540/3384)
[13:07:38]   Progress: 50/100 (total: 550/3384)
[13:08:07]   Progress: 60/100 (total: 560/3384)
[13:08:35]   Progress: 70/100 (total: 570/3384)
[13:09:05]   Progress: 80/100 (total: 580/3384)
[13:09:36]   Progress: 90/100 (total: 590/3384)
[13:10:09]   Progress: 100/100 (total: 600/3384)
[13:10:09] Batch 6: 100 processed (total: 600/3384)
[13:10:09] Cooldown 5 min...
