[2026-02-05T21:17:35.478619] === Flickr Full Download (Overnight Mode) ===
[2026-02-05T21:17:35.478676] Output: /Users/charliemerrow/LOCAL_AI_DATA_LAKE/_STATION_LABS/dev/_worktrees/CODEX_REFACTOR_0_1_0001/apps/merrow.com/public/images/stitch-samples
[2026-02-05T21:17:35.480123] Discovering photosets...
[2026-02-05T21:17:37.302207] Found 175 photosets
[2026-02-05T21:17:37.302302] Total images expected: 10196
[2026-02-05T21:17:37.302322] [1/175] Processing: All the images...
[2026-02-05T21:17:38.889486]   500 photos, need 0
[2026-02-05T21:17:38.899580] [2/175] Processing: All the Stitches...
[2026-02-05T21:17:40.444850]   500 photos, need 0
[2026-02-05T21:17:40.464366] [3/175] Processing: 2014 6th Annual Pie Contest...
[2026-02-05T21:17:41.698038]   52 photos, need 0
[2026-02-05T21:17:41.718018] [4/175] Processing: woolpro sizing...
[2026-02-05T21:17:42.922134]   3 photos, need 0
[2026-02-05T21:17:42.940086] [5/175] Processing: Merrow Westport Oct 25th 2012...
[2026-02-05T21:17:44.153306]   1 photos, need 0
[2026-02-05T21:17:44.165823] [6/175] Processing: MG-2DM...
[2026-02-05T21:17:45.402279]   6 photos, need 0
[2026-02-05T21:17:45.420620] [7/175] Processing: 711d2...
[2026-02-05T21:17:46.615100]   4 photos, need 0
[2026-02-05T21:17:46.630211] [8/175] Processing: Misc. Euro 2012 travel...
[2026-02-05T21:17:47.818475]   2 photos, need 0
[2026-02-05T21:17:47.836772] [9/175] Processing: Merrow at Tüyep...
[2026-02-05T21:17:49.087388]   32 photos, need 0
[2026-02-05T21:17:49.103470] [10/175] Processing: 12e...
[2026-02-05T21:17:50.315009]   9 photos, need 0
[2026-02-05T21:17:50.328446] [11/175] Processing: Shenzen 7/25/10...
[2026-02-05T21:17:51.525453]   7 photos, need 0
[2026-02-05T21:17:51.540493] [12/175] Processing: Merrow Chain Cutter...
[2026-02-05T21:17:52.788291]   3 photos, need 0
[2026-02-05T21:17:52.804502] [13/175] Processing: work on 435 Old Harbor...
[2026-02-05T21:17:54.022297]   4 photos, need 0
[2026-02-05T21:17:54.041905] [14/175] Processing: Setting up Merrow for SPESA...
[2026-02-05T21:17:55.244081]   46 photos, need 0
[2026-02-05T21:17:55.262734] [15/175] Processing: Remco 12-E...
[2026-02-05T21:17:56.496057]   8 photos, need 0
[2026-02-05T21:17:56.511022] [16/175] Processing: Mexico 2012...
[2026-02-05T21:17:57.715244]   26 photos, need 0
[2026-02-05T21:17:57.730820] [17/175] Processing: Exintex ...
[2026-02-05T21:17:58.975061]   18 photos, need 0
[2026-02-05T21:17:58.985593] [18/175] Processing: Exintex Mexico 2012...
[2026-02-05T21:18:00.205666]   31 photos, need 0
[2026-02-05T21:18:00.213621] [19/175] Processing: 12e...
[2026-02-05T21:18:01.481262]   12 photos, need 0
[2026-02-05T21:18:01.493704] [20/175] Processing: Pilot, Leary & the Turkeys...
[2026-02-05T21:18:02.747916]   2 photos, need 0
[2026-02-05T21:18:02.760897] [21/175] Processing: Fall Ride & Horses Loose ...
[2026-02-05T21:18:03.968826]   2 photos, need 0
[2026-02-05T21:18:03.982198] [22/175] Processing: Priorat Spain...
[2026-02-05T21:18:05.229358]   31 photos, need 0
[2026-02-05T21:18:05.243473] [23/175] Processing: Cycling the Pyrenees...
[2026-02-05T21:18:06.515095]   45 photos, need 0
[2026-02-05T21:18:06.534117] [24/175] Processing: mb4dfo...
[2026-02-05T21:18:07.754365]   21 photos, need 0
[2026-02-05T21:18:07.771242] [25/175] Processing: mg3d...
[2026-02-05T21:18:08.977247]   8 photos, need 0
[2026-02-05T21:18:08.992697] [26/175] Processing: may day 2011...
[2026-02-05T21:18:10.202805]   5 photos, need 0
[2026-02-05T21:18:10.220221] [27/175] Processing: mg2dfs2...
[2026-02-05T21:18:11.438602]   10 photos, need 0
[2026-02-05T21:18:11.446879] [28/175] Processing: hiking north carter...
[2026-02-05T21:18:12.672834]   3 photos, need 0
[2026-02-05T21:18:12.680707] [29/175] Processing: Hiking the whites...
[2026-02-05T21:18:13.866868]   5 photos, need 0
[2026-02-05T21:18:13.878310] [30/175] Processing: mg3dw...
[2026-02-05T21:18:15.104934]   4 photos, need 0
[2026-02-05T21:18:15.115659] [31/175] Processing: mg3dwrl...
[2026-02-05T21:18:16.324443]   2 photos, need 0
[2026-02-05T21:18:16.335335] [32/175] Processing: micropurl...
[2026-02-05T21:18:17.543448]   4 photos, need 0
[2026-02-05T21:18:17.554997] [33/175] Processing: mg3uvelcro...
[2026-02-05T21:18:18.754419]   3 photos, need 0
[2026-02-05T21:18:18.762810] [34/175] Processing: mg3unarrow...
[2026-02-05T21:18:20.011816]   3 photos, need 0
[2026-02-05T21:18:20.037205] [35/175] Processing: mg3u wide...
[2026-02-05T21:18:21.236942]   6 photos, need 0
[2026-02-05T21:18:21.245712] [36/175] Processing: mg2u...
[2026-02-05T21:18:22.459004]   3 photos, need 0
[2026-02-05T21:18:22.474355] [37/175] Processing: mg2dnr1_1...
[2026-02-05T21:18:23.685025]   6 photos, need 0
[2026-02-05T21:18:23.697882] [38/175] Processing: 18class...
[2026-02-05T21:18:24.892318]   5 photos, need 0
[2026-02-05T21:18:24.901145] [39/175] Processing: Pie 2010 Merrow...
[2026-02-05T21:18:26.151389]   10 photos, need 0
[2026-02-05T21:18:26.162576] [40/175] Processing: Oct 16, 2010...
[2026-02-05T21:18:27.373346]   5 photos, need 0
[2026-02-05T21:18:27.385097] [41/175] Processing: tiverton ride Oct 6, 2010...
[2026-02-05T21:18:28.581276]   7 photos, need 0
[2026-02-05T21:18:28.593706] [42/175] Processing: 70d3b2ls...
[2026-02-05T21:18:29.794806]   2 photos, need 0
[2026-02-05T21:18:29.807081] [43/175] Processing: all_rails...
[2026-02-05T21:18:31.039730]   6 photos, need 0
[2026-02-05T21:18:31.050971] [44/175] Processing: Shanghai Part Two - cycling and working...
[2026-02-05T21:18:32.262226]   38 photos, need 0
[2026-02-05T21:18:32.273613] [45/175] Processing: biking 100 miles, Jaffery NH...
[2026-02-05T21:18:33.555403]   1 photos, need 0
[2026-02-05T21:18:33.566558] [46/175] Processing: provincetown 165 mile ride...
[2026-02-05T21:18:34.774175]   6 photos, need 0
[2026-02-05T21:18:34.786357] [47/175] Processing: sunday ride on the south china sea...
[2026-02-05T21:18:36.019535]   7 photos, need 0
[2026-02-05T21:18:36.031711] [48/175] Processing: Jul 22, 2010...
[2026-02-05T21:18:37.239621]   1 photos, need 0
[2026-02-05T21:18:37.250799] [49/175] Processing: Jul 21, 2010...
[2026-02-05T21:18:38.474798]   13 photos, need 0
[2026-02-05T21:18:38.488348] [50/175] Processing: visit to groz beckert...
[2026-02-05T21:18:39.706882]   10 photos, need 0
[2026-02-05T21:18:39.721711] [51/175] Processing: Jul 18, 2010...
[2026-02-05T21:18:40.918339]   21 photos, need 0
[2026-02-05T21:18:40.926043] [52/175] Processing: Jul 15, 2010...
[2026-02-05T21:18:42.172034]   7 photos, need 0
[2026-02-05T21:18:42.186948] [53/175] Processing: Jul 14, 2010...
[2026-02-05T21:18:43.376404]   7 photos, need 0
[2026-02-05T21:18:43.389330] [54/175] Processing: ugur July 14th 2010...
[2026-02-05T21:18:44.615106]   8 photos, need 0
[2026-02-05T21:18:44.630419] [55/175] Processing: Jul 13, 2010...
[2026-02-05T21:18:45.831774]   14 photos, need 0
[2026-02-05T21:18:45.844405] [56/175] Processing: Jul 12, 2010...
[2026-02-05T21:18:47.061866]   8 photos, need 0
[2026-02-05T21:18:47.082741] [57/175] Processing: sailing in thailand...
[2026-02-05T21:18:48.297015]   25 photos, need 0
[2026-02-05T21:18:48.317422] [58/175] Processing: thailand day off...
[2026-02-05T21:18:49.598646]   78 photos, need 0
[2026-02-05T21:18:49.610893] [59/175] Processing: night ride in bangkok...
[2026-02-05T21:18:50.865848]   7 photos, need 0
[2026-02-05T21:18:50.876028] [60/175] Processing: thailand customer visits...
[2026-02-05T21:18:52.069251]   6 photos, need 0
[2026-02-05T21:18:52.078579] [61/175] Processing: thai meetings tuesday...
[2026-02-05T21:18:53.320017]   8 photos, need 0
[2026-02-05T21:18:53.327714] [62/175] Processing: Jul 5, 2010...
[2026-02-05T21:18:54.542170]   13 photos, need 0
[2026-02-05T21:18:54.553106] [63/175] Processing: Thailand, Jul 4, 2010...
[2026-02-05T21:18:55.742297]   14 photos, need 0
[2026-02-05T21:18:55.753146] [64/175] Processing: Jul 3, 2010...
[2026-02-05T21:18:56.996958]   18 photos, need 0
[2026-02-05T21:18:57.010086] [65/175] Processing: Jul 1, 2010...
[2026-02-05T21:18:58.202792]   8 photos, need 0
[2026-02-05T21:18:58.215085] [66/175] Processing: hong kong peak road...
[2026-02-05T21:18:59.464935]   1 photos, need 0
[2026-02-05T21:18:59.475571] [67/175] Processing: Jul 1, 2010...
[2026-02-05T21:19:00.708712]   16 photos, need 0
[2026-02-05T21:19:00.719299] [68/175] Processing: Yip in Hong Kong...
[2026-02-05T21:19:01.976336]   14 photos, need 0
[2026-02-05T21:19:01.988758] [69/175] Processing: Hong Kong, June 29...
[2026-02-05T21:19:03.189320]   8 photos, need 0
[2026-02-05T21:19:03.201872] [70/175] Processing: Moving the bike from Hangzhao to Hong Ko...
[2026-02-05T21:19:04.429467]   11 photos, need 7
[2026-02-05T21:19:05.725126]     Rate limited on download, waiting 4.0s...
[2026-02-05T21:19:09.809682]     Rate limited on download, waiting 8.0s...
[2026-02-05T21:19:17.902239]     Rate limited on download, waiting 16.0s...
[2026-02-05T21:19:34.037365]     Rate limited on download, waiting 32.0s...
[2026-02-05T21:20:06.129271]     Rate limited on download, waiting 64.0s...
[2026-02-05T21:21:13.471115]     Rate limited on download, waiting 4.0s...
[2026-02-05T21:21:17.543809]     Rate limited on download, waiting 8.0s...
[2026-02-05T21:21:25.623310]     Rate limited on download, waiting 16.0s...
[2026-02-05T21:21:41.731888]     Rate limited on download, waiting 32.0s...
[2026-02-05T21:22:13.914896]     Rate limited on download, waiting 64.0s...
