[08:54:48] === Flickr Batched Download ===
[08:54:48] Batch size: 200 images
[08:54:48] Cooldown: 5 minutes between batches
[08:54:49] Found 175 photosets
[08:54:50]     UPGRADED 8658255730 to original
[08:54:52]     UPGRADED 7441947894 to original
[08:54:54]     UPGRADED 7441947988 to original
[08:54:56]     UPGRADED 7441910954 to original
[08:54:57]     UPGRADED 7441911196 to original
[08:54:59]     UPGRADED 7441911062 to original
[08:55:01]     UPGRADED 7441911000 to original
[08:55:03]     UPGRADED 7312713604 to original
[08:55:04]     UPGRADED 7312712948 to original
[08:55:06]     UPGRADED 7312712388 to original
[08:55:06]   Batch progress: 10/200
[08:55:08]     UPGRADED 6923957393 to original
[08:55:10]     UPGRADED 5690610812 to original
[08:55:12]     UPGRADED 5690034893 to original
[08:55:13]     UPGRADED 5690591462 to original
[08:55:15]     UPGRADED 5690591404 to original
[08:55:17]     UPGRADED 5690015967 to original
[08:55:19]     UPGRADED 5664989813 to original
[08:55:20]     UPGRADED 5661492033 to original
[08:55:22]     UPGRADED 5662059592 to original
[08:55:24]     UPGRADED 5634257313 to original
[08:55:24]   Batch progress: 20/200
[08:55:26]     UPGRADED 5634257241 to original
[08:55:27]     UPGRADED 5634257191 to original
[08:55:29]     UPGRADED 5634837652 to original
[08:55:31]     UPGRADED 5515272742 to original
[08:55:33]     UPGRADED 5515272698 to original
[08:55:34]     UPGRADED 5514679903 to original
[08:55:36]     UPGRADED 5367072804 to original
[08:55:38]     UPGRADED 5333137939 to original
[08:55:40]     UPGRADED 5333137911 to original
[08:55:41]     UPGRADED 5333137865 to original
[08:55:41]   Batch progress: 30/200
[08:55:43]     UPGRADED 5333137839 to original
[08:55:45]     UPGRADED 5333024423 to original
[08:55:46]     UPGRADED 5333024383 to original
[08:55:48]     UPGRADED 5333512542 to original
[08:55:50]     UPGRADED 5333512494 to original
[08:55:52]     UPGRADED 5333298940 to original
[08:55:53]     UPGRADED 5332684061 to original
[08:55:55]     UPGRADED 5333298898 to original
[08:55:57]     UPGRADED 5332684005 to original
[08:55:59]     UPGRADED 5333298810 to original
[08:55:59]   Batch progress: 40/200
[08:56:01]     UPGRADED 5332683957 to original
[08:56:03]     UPGRADED 5332683903 to original
[08:56:04]     UPGRADED 5285391193 to original
[08:56:06]     UPGRADED 5285933216 to original
[08:56:08]     UPGRADED 5285336057 to original
[08:56:10]     UPGRADED 5285933144 to original
[08:56:12]     UPGRADED 5285272235 to original
[08:56:14]     UPGRADED 5285869916 to original
[08:56:16]     UPGRADED 5285267543 to original
[08:56:18]     UPGRADED 5285251745 to original
[08:56:18]   Batch progress: 50/200
[08:56:20]     UPGRADED 5285779918 to original
[08:56:22]     UPGRADED 5285181891 to original
[08:56:24]     UPGRADED 5283484783 to original
[08:56:26]     UPGRADED 5283484757 to original
[08:56:28]     UPGRADED 5205005278 to original
[08:56:30]     UPGRADED 5205005236 to original
[08:56:32]     UPGRADED 5204408349 to original
[08:56:34]     UPGRADED 5204408279 to original
[08:56:36]     UPGRADED 5205005066 to original
[08:56:38]     UPGRADED 5204408183 to original
[08:56:38]   Batch progress: 60/200
[08:56:40]     UPGRADED 5204408155 to original
[08:56:42]     UPGRADED 5205004968 to original
[08:56:44]     UPGRADED 5204408075 to original
[08:56:46]     UPGRADED 5033199993 to original
[08:56:48]     UPGRADED 5014786815 to original
[08:56:51]     UPGRADED 8658255730 to original
[08:56:53]     UPGRADED 7441947894 to original
[08:56:55]     UPGRADED 7441947988 to original
[08:56:57]     UPGRADED 7441910954 to original
[08:56:59]     UPGRADED 7441911196 to original
[08:56:59]   Batch progress: 70/200
[08:57:01]     UPGRADED 7441911062 to original
[08:57:03]     UPGRADED 7441911000 to original
[08:57:05]     UPGRADED 7312713604 to original
[08:57:07]     UPGRADED 7312712948 to original
[08:57:09]     UPGRADED 7312712388 to original
[08:57:11]     UPGRADED 6923957393 to original
[08:57:13]     UPGRADED 5690610812 to original
[08:57:15]     UPGRADED 5690034893 to original
[08:57:17]     UPGRADED 5690591462 to original
[08:57:19]     UPGRADED 5690591404 to original
[08:57:19]   Batch progress: 80/200
[08:57:21]     UPGRADED 5690015967 to original
[08:57:23]     UPGRADED 5664989813 to original
[08:57:26]     UPGRADED 5661492033 to original
[08:57:28]     UPGRADED 5662059592 to original
[08:57:30]     UPGRADED 5634257313 to original
[08:57:32]     UPGRADED 5634257241 to original
[08:57:34]     UPGRADED 5634257191 to original
[08:57:36]     UPGRADED 5634837652 to original
[08:57:38]     UPGRADED 5515272742 to original
[08:57:40]     UPGRADED 5515272698 to original
[08:57:40]   Batch progress: 90/200
[08:57:42]     UPGRADED 5514679903 to original
[08:57:44]     UPGRADED 5367072804 to original
[08:57:46]     UPGRADED 5333137939 to original
[08:57:48]     UPGRADED 5333137911 to original
[08:57:50]     UPGRADED 5333137865 to original
[08:57:52]     UPGRADED 5333137839 to original
[08:57:54]     UPGRADED 5333024423 to original
[08:57:56]     UPGRADED 5333024383 to original
[08:57:58]     UPGRADED 5333512542 to original
[08:58:00]     UPGRADED 5333512494 to original
[08:58:00]   Batch progress: 100/200
[08:58:02]     UPGRADED 5333298940 to original
[08:58:04]     UPGRADED 5332684061 to original
[08:58:06]     UPGRADED 5333298898 to original
[08:58:08]     UPGRADED 5332684005 to original
[08:58:10]     UPGRADED 5333298810 to original
[08:58:12]     UPGRADED 5332683957 to original
[08:58:14]     UPGRADED 5332683903 to original
[08:58:16]     UPGRADED 5285391193 to original
[08:58:18]     UPGRADED 5285933216 to original
[08:58:19]     UPGRADED 5285336057 to original
[08:58:19]   Batch progress: 110/200
[08:58:21]     UPGRADED 5285933144 to original
[08:58:23]     UPGRADED 5285272235 to original
[08:58:25]     UPGRADED 5285869916 to original
[08:58:27]     UPGRADED 5285267543 to original
[08:58:28]     UPGRADED 5285251745 to original
[08:58:30]     UPGRADED 5285779918 to original
[08:58:32]     UPGRADED 5285181891 to original
[08:58:34]     UPGRADED 5283484783 to original
[08:58:36]     UPGRADED 5283484757 to original
[08:58:37]     UPGRADED 5205005278 to original
[08:58:37]   Batch progress: 120/200
[08:58:39]     UPGRADED 5205005236 to original
[08:58:41]     UPGRADED 5204408349 to original
[08:58:43]     UPGRADED 5204408279 to original
[08:58:44]     UPGRADED 5205005066 to original
[08:58:46]     UPGRADED 5204408183 to original
[08:58:48]     UPGRADED 5204408155 to original
[08:58:50]     UPGRADED 5205004968 to original
[08:58:51]     UPGRADED 5204408075 to original
[08:58:53]     UPGRADED 5033199993 to original
[08:58:55]     UPGRADED 5014786815 to original
[08:58:55]   Batch progress: 130/200
[08:59:00]     UPGRADED 7441947894 to original
[08:59:01]     UPGRADED 7441947988 to original
[08:59:03]     UPGRADED 7441910954 to original
[08:59:05]     UPGRADED 7441911196 to original
[08:59:07]     UPGRADED 7441911062 to original
[08:59:08]     UPGRADED 7441911000 to original
[08:59:12]     UPGRADED 7312713604 to original
[08:59:14]     UPGRADED 7312712948 to original
[08:59:16]     UPGRADED 7312712388 to original
[08:59:30]     UPGRADED 5634257313 to original
[08:59:30]   Batch progress: 140/200
[08:59:32]     UPGRADED 5634257241 to original
[08:59:34]     UPGRADED 5690610812 to original
[08:59:36]     UPGRADED 5690034893 to original
[08:59:37]     UPGRADED 5634257191 to original
[08:59:39]     UPGRADED 5634837652 to original
[08:59:41]     UPGRADED 5515272742 to original
[08:59:43]     UPGRADED 5515272698 to original
[08:59:44]     UPGRADED 5514679903 to original
[08:59:47]     UPGRADED 5367072804 to original
[08:59:50]     UPGRADED 5333137839 to original
[08:59:50]   Batch progress: 150/200
[08:59:51]     UPGRADED 5333137865 to original
[08:59:53]     UPGRADED 5333137911 to original
[08:59:55]     UPGRADED 5333137939 to original
[08:59:57]     UPGRADED 5333024383 to original
[08:59:59]     UPGRADED 5333024423 to original
[09:00:02]     UPGRADED 5333512494 to original
[09:00:05]     UPGRADED 5333512542 to original
[09:00:07]     UPGRADED 5662059592 to original
[09:00:09]     UPGRADED 5661492033 to original
[09:00:11]     UPGRADED 5285391193 to original
[09:00:11]   Batch progress: 160/200
[09:00:14]     UPGRADED 5285933144 to original
[09:00:15]     UPGRADED 5285336057 to original
[09:00:17]     UPGRADED 5285933216 to original
[09:00:19]     UPGRADED 5285267543 to original
[09:00:21]     UPGRADED 5285869916 to original
[09:00:23]     UPGRADED 5285272235 to original
[09:00:25]     UPGRADED 5285251745 to original
[09:00:30]     UPGRADED 5205005278 to original
[09:00:31]     UPGRADED 5205005236 to original
[09:00:33]     UPGRADED 5204408349 to original
[09:00:33]   Batch progress: 170/200
[09:00:35]     UPGRADED 5204408279 to original
[09:00:37]     UPGRADED 5205005066 to original
[09:00:38]     UPGRADED 5204408183 to original
[09:00:40]     UPGRADED 5204408155 to original
[09:00:42]     UPGRADED 5205004968 to original
[09:00:44]     UPGRADED 5204408075 to original
[09:00:48]     UPGRADED 5033199993 to original
[09:00:50]     UPGRADED 2833621808 to original
[09:00:52]     UPGRADED 5014786815 to original
[09:00:54]     UPGRADED 4995684280 to original
[09:00:54]   Batch progress: 180/200
[09:00:58]     UPGRADED 4826498226 to original
[09:01:00]     UPGRADED 4825889285 to original
[09:01:02]     UPGRADED 4825890221 to original
[09:01:04]     UPGRADED 4825890087 to original
[09:01:23]     UPGRADED 4745021396 to original
[09:01:25]     UPGRADED 4744382169 to original
[09:01:27]     UPGRADED 4745020624 to original
[09:01:29]     UPGRADED 4745020982 to original
[09:01:30]     UPGRADED 4744382057 to original
[09:01:32]     UPGRADED 4744381869 to original
[09:01:32]   Batch progress: 190/200
[09:01:35]     UPGRADED 4742604896 to original
[09:01:37]     UPGRADED 4742607806 to original
[09:01:39]     UPGRADED 4747505624 to original
[09:01:41]     UPGRADED 4747531862 to original
[09:01:43]     UPGRADED 4746887283 to original
[09:01:45]     UPGRADED 4747534376 to original
[09:01:47]     UPGRADED 4738011851 to original
[09:01:49]     UPGRADED 4738008453 to original
[09:01:52]     UPGRADED 4738006095 to original
[09:01:53]     UPGRADED 4738635464 to original
[09:01:53]   Batch progress: 200/200
[09:01:54] Batch 1 complete: 200 downloaded (total: 200)
[09:01:54] Cooling down for 5 minutes...
[09:06:54] Resuming...
[09:06:56]     UPGRADED 8658255730 to original
[09:06:58]     UPGRADED 7441947894 to original
[09:07:00]     UPGRADED 7441947988 to original
[09:07:02]     UPGRADED 7441910954 to original
[09:07:03]     UPGRADED 7441911196 to original
[09:07:05]     UPGRADED 7441911062 to original
[09:07:07]     UPGRADED 7441911000 to original
[09:07:09]     UPGRADED 7312713604 to original
[09:07:10]     UPGRADED 7312712948 to original
