99.06.11 08:58 B C:\mytemp\core\productline\hosiery\pics\hosieryhead.gif <-- SiteTest /new/core/productline/hosiery/pics hosieryhead.gif
99.06.11 08:58 B C:\mytemp\core\productline\hosiery\pics\hosierymach.gif <-- SiteTest /new/core/productline/hosiery/pics hosierymach.gif
99.06.11 08:58 B C:\mytemp\core\productline\hosiery\pics\m.gif <-- SiteTest /new/core/productline/hosiery/pics m.gif
99.06.11 08:58 B C:\mytemp\core\productline\hosiery\pics\merrowlogo.gif <-- SiteTest /new/core/productline/hosiery/pics merrowlogo.gif
99.06.11 08:58 B C:\mytemp\core\productline\hosiery\pics\merrowpatch.gif <-- SiteTest /new/core/productline/hosiery/pics merrowpatch.gif
99.06.11 08:58 B C:\mytemp\core\productline\hosiery\pics\mg-3d.gif <-- SiteTest /new/core/productline/hosiery/pics mg-3d.gif
99.06.11 08:58 B C:\mytemp\core\productline\hosiery\pics\mg-3du.gif <-- SiteTest /new/core/productline/hosiery/pics mg-3du.gif
99.06.11 08:58 B C:\mytemp\core\productline\hosiery\pics\mg-4d-67.gif <-- SiteTest /new/core/productline/hosiery/pics mg-4d-67.gif
99.06.11 08:58 B C:\mytemp\core\productline\hosiery\pics\mg-4dd-45.gif <-- SiteTest /new/core/productline/hosiery/pics mg-4dd-45.gif
99.06.11 08:58 B C:\mytemp\core\productline\hosiery\pics\mpatch.gif <-- SiteTest /new/core/productline/hosiery/pics mpatch.gif
99.06.11 08:58 B C:\mytemp\core\productline\hosiery\pics\performance.gif <-- SiteTest /new/core/productline/hosiery/pics performance.gif
99.06.11 08:58 B C:\mytemp\core\productline\hosiery\pics\rule.gif <-- SiteTest /new/core/productline/hosiery/pics rule.gif
99.06.11 08:58 B C:\mytemp\core\productline\hosiery\pics\specs.gif <-- SiteTest /new/core/productline/hosiery/pics specs.gif
99.06.11 08:58 B C:\mytemp\core\productline\hosiery\pics\subhead.gif <-- SiteTest /new/core/productline/hosiery/pics subhead.gif
99.06.11 08:58 B C:\mytemp\core\productline\hosiery\pics\tile.gif <-- SiteTest /new/core/productline/hosiery/pics tile.gif
99.06.11 09:00 B C:\mytemp\core\productline\hosiery\pics\hosieryhead.gif --> merrow.com /core/productline/hosiery/pics hosieryhead.gif
99.06.11 09:00 B C:\mytemp\core\productline\hosiery\pics\hosierymach.gif --> merrow.com /core/productline/hosiery/pics hosierymach.gif
99.06.11 09:00 B C:\mytemp\core\productline\hosiery\pics\m.gif --> merrow.com /core/productline/hosiery/pics m.gif
99.06.11 09:00 B C:\mytemp\core\productline\hosiery\pics\merrowlogo.gif --> merrow.com /core/productline/hosiery/pics merrowlogo.gif
99.06.11 09:00 B C:\mytemp\core\productline\hosiery\pics\merrowpatch.gif --> merrow.com /core/productline/hosiery/pics merrowpatch.gif
99.06.11 09:00 B C:\mytemp\core\productline\hosiery\pics\mg-3d.gif --> merrow.com /core/productline/hosiery/pics mg-3d.gif
99.06.11 09:00 B C:\mytemp\core\productline\hosiery\pics\mg-3du.gif --> merrow.com /core/productline/hosiery/pics mg-3du.gif
99.06.11 09:00 B C:\mytemp\core\productline\hosiery\pics\mg-4d-67.gif --> merrow.com /core/productline/hosiery/pics mg-4d-67.gif
99.06.11 09:00 B C:\mytemp\core\productline\hosiery\pics\mg-4dd-45.gif --> merrow.com /core/productline/hosiery/pics mg-4dd-45.gif
99.06.11 09:00 B C:\mytemp\core\productline\hosiery\pics\mpatch.gif --> merrow.com /core/productline/hosiery/pics mpatch.gif
99.06.11 09:00 B C:\mytemp\core\productline\hosiery\pics\performance.gif --> merrow.com /core/productline/hosiery/pics performance.gif
99.06.11 09:00 B C:\mytemp\core\productline\hosiery\pics\rule.gif --> merrow.com /core/productline/hosiery/pics rule.gif
99.06.11 09:00 B C:\mytemp\core\productline\hosiery\pics\specs.gif --> merrow.com /core/productline/hosiery/pics specs.gif
99.06.11 09:00 B C:\mytemp\core\productline\hosiery\pics\subhead.gif --> merrow.com /core/productline/hosiery/pics subhead.gif
99.06.11 09:00 B C:\mytemp\core\productline\hosiery\pics\tile.gif --> merrow.com /core/productline/hosiery/pics tile.gif
