99.06.11 08:58 B C:\mytemp\core\techcenter\mgnmclass\pics\backviewbig.gif <-- SiteTest /new/core/techcenter/mgnmclass/pics backviewbig.gif
99.06.11 08:58 B C:\mytemp\core\techcenter\mgnmclass\pics\backviewsmall.gif <-- SiteTest /new/core/techcenter/mgnmclass/pics backviewsmall.gif
99.06.11 08:58 B C:\mytemp\core\techcenter\mgnmclass\pics\cleanfilter.gif <-- SiteTest /new/core/techcenter/mgnmclass/pics cleanfilter.gif
99.06.11 08:58 B C:\mytemp\core\techcenter\mgnmclass\pics\cleanfiltersm.gif <-- SiteTest /new/core/techcenter/mgnmclass/pics cleanfiltersm.gif
99.06.11 08:58 B C:\mytemp\core\techcenter\mgnmclass\pics\cutter.gif <-- SiteTest /new/core/techcenter/mgnmclass/pics cutter.gif
99.06.11 08:58 B C:\mytemp\core\techcenter\mgnmclass\pics\cuttermech.gif <-- SiteTest /new/core/techcenter/mgnmclass/pics cuttermech.gif
99.06.11 08:58 B C:\mytemp\core\techcenter\mgnmclass\pics\cuttermechsm.gif <-- SiteTest /new/core/techcenter/mgnmclass/pics cuttermechsm.gif
99.06.11 08:58 B C:\mytemp\core\techcenter\mgnmclass\pics\feeding.gif <-- SiteTest /new/core/techcenter/mgnmclass/pics feeding.gif
99.06.11 08:58 B C:\mytemp\core\techcenter\mgnmclass\pics\feedmech.gif <-- SiteTest /new/core/techcenter/mgnmclass/pics feedmech.gif
99.06.11 08:58 B C:\mytemp\core\techcenter\mgnmclass\pics\feedmechsm.gif <-- SiteTest /new/core/techcenter/mgnmclass/pics feedmechsm.gif
99.06.11 08:58 B C:\mytemp\core\techcenter\mgnmclass\pics\frontviewbig.gif <-- SiteTest /new/core/techcenter/mgnmclass/pics frontviewbig.gif
99.06.11 08:58 B C:\mytemp\core\techcenter\mgnmclass\pics\frontviewsmall.gif <-- SiteTest /new/core/techcenter/mgnmclass/pics frontviewsmall.gif
99.06.11 08:58 B C:\mytemp\core\techcenter\mgnmclass\pics\loopers.gif <-- SiteTest /new/core/techcenter/mgnmclass/pics loopers.gif
99.06.11 08:58 B C:\mytemp\core\techcenter\mgnmclass\pics\maintenance.gif <-- SiteTest /new/core/techcenter/mgnmclass/pics maintenance.gif
99.06.11 08:58 B C:\mytemp\core\techcenter\mgnmclass\pics\needleplate.gif <-- SiteTest /new/core/techcenter/mgnmclass/pics needleplate.gif
99.06.11 08:58 B C:\mytemp\core\techcenter\mgnmclass\pics\needleplatebig.gif <-- SiteTest /new/core/techcenter/mgnmclass/pics needleplatebig.gif
99.06.11 08:58 B C:\mytemp\core\techcenter\mgnmclass\pics\needles.gif <-- SiteTest /new/core/techcenter/mgnmclass/pics needles.gif
99.06.11 08:58 B C:\mytemp\core\techcenter\mgnmclass\pics\oilingparts.gif <-- SiteTest /new/core/techcenter/mgnmclass/pics oilingparts.gif
99.06.11 08:58 B C:\mytemp\core\techcenter\mgnmclass\pics\oilingparts2.gif <-- SiteTest /new/core/techcenter/mgnmclass/pics oilingparts2.gif
99.06.11 08:58 B C:\mytemp\core\techcenter\mgnmclass\pics\presserfoot.gif <-- SiteTest /new/core/techcenter/mgnmclass/pics presserfoot.gif
99.06.11 08:58 B C:\mytemp\core\techcenter\mgnmclass\pics\setuptitle.gif <-- SiteTest /new/core/techcenter/mgnmclass/pics setuptitle.gif
99.06.11 08:58 B C:\mytemp\core\techcenter\mgnmclass\pics\threading.gif <-- SiteTest /new/core/techcenter/mgnmclass/pics threading.gif
99.06.11 08:58 B C:\mytemp\core\techcenter\mgnmclass\pics\troubleshoot.gif <-- SiteTest /new/core/techcenter/mgnmclass/pics troubleshoot.gif
99.06.11 09:01 B C:\mytemp\core\techcenter\mgnmclass\pics\backviewbig.gif --> merrow.com /core/techcenter/mgnmclass/pics backviewbig.gif
99.06.11 09:01 B C:\mytemp\core\techcenter\mgnmclass\pics\backviewsmall.gif --> merrow.com /core/techcenter/mgnmclass/pics backviewsmall.gif
99.06.11 09:01 B C:\mytemp\core\techcenter\mgnmclass\pics\cleanfilter.gif --> merrow.com /core/techcenter/mgnmclass/pics cleanfilter.gif
99.06.11 09:01 B C:\mytemp\core\techcenter\mgnmclass\pics\cleanfiltersm.gif --> merrow.com /core/techcenter/mgnmclass/pics cleanfiltersm.gif
99.06.11 09:01 B C:\mytemp\core\techcenter\mgnmclass\pics\cutter.gif --> merrow.com /core/techcenter/mgnmclass/pics cutter.gif
99.06.11 09:01 B C:\mytemp\core\techcenter\mgnmclass\pics\cuttermech.gif --> merrow.com /core/techcenter/mgnmclass/pics cuttermech.gif
99.06.11 09:01 B C:\mytemp\core\techcenter\mgnmclass\pics\cuttermechsm.gif --> merrow.com /core/techcenter/mgnmclass/pics cuttermechsm.gif
99.06.11 09:01 B C:\mytemp\core\techcenter\mgnmclass\pics\feeding.gif --> merrow.com /core/techcenter/mgnmclass/pics feeding.gif
99.06.11 09:01 B C:\mytemp\core\techcenter\mgnmclass\pics\feedmech.gif --> merrow.com /core/techcenter/mgnmclass/pics feedmech.gif
99.06.11 09:01 B C:\mytemp\core\techcenter\mgnmclass\pics\feedmechsm.gif --> merrow.com /core/techcenter/mgnmclass/pics feedmechsm.gif
99.06.11 09:01 B C:\mytemp\core\techcenter\mgnmclass\pics\frontviewbig.gif --> merrow.com /core/techcenter/mgnmclass/pics frontviewbig.gif
99.06.11 09:01 B C:\mytemp\core\techcenter\mgnmclass\pics\frontviewsmall.gif --> merrow.com /core/techcenter/mgnmclass/pics frontviewsmall.gif
99.06.11 09:01 B C:\mytemp\core\techcenter\mgnmclass\pics\loopers.gif --> merrow.com /core/techcenter/mgnmclass/pics loopers.gif
99.06.11 09:01 B C:\mytemp\core\techcenter\mgnmclass\pics\maintenance.gif --> merrow.com /core/techcenter/mgnmclass/pics maintenance.gif
99.06.11 09:01 B C:\mytemp\core\techcenter\mgnmclass\pics\needleplate.gif --> merrow.com /core/techcenter/mgnmclass/pics needleplate.gif
99.06.11 09:01 B C:\mytemp\core\techcenter\mgnmclass\pics\needleplatebig.gif --> merrow.com /core/techcenter/mgnmclass/pics needleplatebig.gif
99.06.11 09:01 B C:\mytemp\core\techcenter\mgnmclass\pics\needles.gif --> merrow.com /core/techcenter/mgnmclass/pics needles.gif
99.06.11 09:01 B C:\mytemp\core\techcenter\mgnmclass\pics\oilingparts.gif --> merrow.com /core/techcenter/mgnmclass/pics oilingparts.gif
99.06.11 09:01 B C:\mytemp\core\techcenter\mgnmclass\pics\oilingparts2.gif --> merrow.com /core/techcenter/mgnmclass/pics oilingparts2.gif
99.06.11 09:01 B C:\mytemp\core\techcenter\mgnmclass\pics\presserfoot.gif --> merrow.com /core/techcenter/mgnmclass/pics presserfoot.gif
99.06.11 09:01 B C:\mytemp\core\techcenter\mgnmclass\pics\setuptitle.gif --> merrow.com /core/techcenter/mgnmclass/pics setuptitle.gif
99.06.11 09:01 B C:\mytemp\core\techcenter\mgnmclass\pics\threading.gif --> merrow.com /core/techcenter/mgnmclass/pics threading.gif
99.06.11 09:01 B C:\mytemp\core\techcenter\mgnmclass\pics\troubleshoot.gif --> merrow.com /core/techcenter/mgnmclass/pics troubleshoot.gif
