99.06.11 08:57 A C:\mytemp\core\distributors\asiapacificrim.htm <-- SiteTest /new/core/distributors asiapacificrim.htm
99.06.11 08:57 A C:\mytemp\core\distributors\canada.htm <-- SiteTest /new/core/distributors canada.htm
99.06.11 08:57 A C:\mytemp\core\distributors\centamer.htm <-- SiteTest /new/core/distributors centamer.htm
99.06.11 08:57 A C:\mytemp\core\distributors\distributors.htm <-- SiteTest /new/core/distributors distributors.htm
99.06.11 08:57 A C:\mytemp\core\distributors\europe.htm <-- SiteTest /new/core/distributors europe.htm
99.06.11 08:57 A C:\mytemp\core\distributors\index.htm <-- SiteTest /new/core/distributors index.htm
99.06.11 08:57 A C:\mytemp\core\distributors\mexico.htm <-- SiteTest /new/core/distributors mexico.htm
99.06.11 08:57 A C:\mytemp\core\distributors\mideastafrica.htm <-- SiteTest /new/core/distributors mideastafrica.htm
99.06.11 08:57 A C:\mytemp\core\distributors\southamer.htm <-- SiteTest /new/core/distributors southamer.htm
99.06.11 08:57 A C:\mytemp\core\distributors\title.htm <-- SiteTest /new/core/distributors title.htm
99.06.11 08:57 A C:\mytemp\core\distributors\us.htm <-- SiteTest /new/core/distributors us.htm
99.06.11 09:00 A C:\mytemp\core\distributors\asiapacificrim.htm --> merrow.com /core/distributors asiapacificrim.htm
99.06.11 09:00 A C:\mytemp\core\distributors\canada.htm --> merrow.com /core/distributors canada.htm
99.06.11 09:00 A C:\mytemp\core\distributors\centamer.htm --> merrow.com /core/distributors centamer.htm
99.06.11 09:00 A C:\mytemp\core\distributors\distributors.htm --> merrow.com /core/distributors distributors.htm
99.06.11 09:00 A C:\mytemp\core\distributors\europe.htm --> merrow.com /core/distributors europe.htm
99.06.11 09:00 A C:\mytemp\core\distributors\index.htm --> merrow.com /core/distributors index.htm
99.06.11 09:00 A C:\mytemp\core\distributors\mexico.htm --> merrow.com /core/distributors mexico.htm
99.06.11 09:00 A C:\mytemp\core\distributors\mideastafrica.htm --> merrow.com /core/distributors mideastafrica.htm
99.06.11 09:00 A C:\mytemp\core\distributors\southamer.htm --> merrow.com /core/distributors southamer.htm
99.06.11 09:00 A C:\mytemp\core\distributors\title.htm --> merrow.com /core/distributors title.htm
99.06.11 09:00 A C:\mytemp\core\distributors\us.htm --> merrow.com /core/distributors us.htm
