99.06.11 08:57 B C:\mytemp\core\productline\decoOveredge\pics\decorative.gif <-- SiteTest /new/core/productline/decoOveredge/pics decorative.gif
99.06.11 08:57 B C:\mytemp\core\productline\decoOveredge\pics\merrowlogo.gif <-- SiteTest /new/core/productline/decoOveredge/pics merrowlogo.gif
99.06.11 08:57 B C:\mytemp\core\productline\decoOveredge\pics\merrowpatch.gif <-- SiteTest /new/core/productline/decoOveredge/pics merrowpatch.gif
99.06.11 08:57 B C:\mytemp\core\productline\decoOveredge\pics\MG-2DNR-1.gif <-- SiteTest /new/core/productline/decoOveredge/pics MG-2DNR-1.gif
99.06.11 08:57 B C:\mytemp\core\productline\decoOveredge\pics\MG-3DNR.gif <-- SiteTest /new/core/productline/decoOveredge/pics MG-3DNR.gif
99.06.11 08:57 B C:\mytemp\core\productline\decoOveredge\pics\MG-3Q-3.gif <-- SiteTest /new/core/productline/decoOveredge/pics MG-3Q-3.gif
99.06.11 08:57 B C:\mytemp\core\productline\decoOveredge\pics\MG-3U.gif <-- SiteTest /new/core/productline/decoOveredge/pics MG-3U.gif
99.06.11 08:57 B C:\mytemp\core\productline\decoOveredge\pics\mpatch.gif <-- SiteTest /new/core/productline/decoOveredge/pics mpatch.gif
99.06.11 08:57 B C:\mytemp\core\productline\decoOveredge\pics\performance.gif <-- SiteTest /new/core/productline/decoOveredge/pics performance.gif
99.06.11 08:57 B C:\mytemp\core\productline\decoOveredge\pics\rule.gif <-- SiteTest /new/core/productline/decoOveredge/pics rule.gif
99.06.11 08:57 B C:\mytemp\core\productline\decoOveredge\pics\specs.gif <-- SiteTest /new/core/productline/decoOveredge/pics specs.gif
99.06.11 08:57 B C:\mytemp\core\productline\decoOveredge\pics\subhead.gif <-- SiteTest /new/core/productline/decoOveredge/pics subhead.gif
99.06.11 08:57 B C:\mytemp\core\productline\decoOveredge\pics\t.gif <-- SiteTest /new/core/productline/decoOveredge/pics t.gif
99.06.11 08:57 B C:\mytemp\core\productline\decoOveredge\pics\tile.gif <-- SiteTest /new/core/productline/decoOveredge/pics tile.gif
99.06.11 08:57 B C:\mytemp\core\productline\decoOveredge\pics\title.gif <-- SiteTest /new/core/productline/decoOveredge/pics title.gif
99.06.11 09:00 B C:\mytemp\core\productline\decoOveredge\pics\decorative.gif --> merrow.com /core/productline/decoOveredge/pics decorative.gif
99.06.11 09:00 B C:\mytemp\core\productline\decoOveredge\pics\merrowlogo.gif --> merrow.com /core/productline/decoOveredge/pics merrowlogo.gif
99.06.11 09:00 B C:\mytemp\core\productline\decoOveredge\pics\merrowpatch.gif --> merrow.com /core/productline/decoOveredge/pics merrowpatch.gif
99.06.11 09:00 B C:\mytemp\core\productline\decoOveredge\pics\MG-2DNR-1.gif --> merrow.com /core/productline/decoOveredge/pics MG-2DNR-1.gif
99.06.11 09:00 B C:\mytemp\core\productline\decoOveredge\pics\MG-3DNR.gif --> merrow.com /core/productline/decoOveredge/pics MG-3DNR.gif
99.06.11 09:00 B C:\mytemp\core\productline\decoOveredge\pics\MG-3Q-3.gif --> merrow.com /core/productline/decoOveredge/pics MG-3Q-3.gif
99.06.11 09:00 B C:\mytemp\core\productline\decoOveredge\pics\MG-3U.gif --> merrow.com /core/productline/decoOveredge/pics MG-3U.gif
99.06.11 09:00 B C:\mytemp\core\productline\decoOveredge\pics\mpatch.gif --> merrow.com /core/productline/decoOveredge/pics mpatch.gif
99.06.11 09:00 B C:\mytemp\core\productline\decoOveredge\pics\performance.gif --> merrow.com /core/productline/decoOveredge/pics performance.gif
99.06.11 09:00 B C:\mytemp\core\productline\decoOveredge\pics\rule.gif --> merrow.com /core/productline/decoOveredge/pics rule.gif
99.06.11 09:00 B C:\mytemp\core\productline\decoOveredge\pics\specs.gif --> merrow.com /core/productline/decoOveredge/pics specs.gif
99.06.11 09:00 B C:\mytemp\core\productline\decoOveredge\pics\subhead.gif --> merrow.com /core/productline/decoOveredge/pics subhead.gif
99.06.11 09:00 B C:\mytemp\core\productline\decoOveredge\pics\t.gif --> merrow.com /core/productline/decoOveredge/pics t.gif
99.06.11 09:00 B C:\mytemp\core\productline\decoOveredge\pics\tile.gif --> merrow.com /core/productline/decoOveredge/pics tile.gif
99.06.11 09:00 B C:\mytemp\core\productline\decoOveredge\pics\title.gif --> merrow.com /core/productline/decoOveredge/pics title.gif
