99.06.11 08:57 B C:\mytemp\core\productline\buttedseam\pics\70-1D-2.gif <-- SiteTest /new/core/productline/buttedseam/pics 70-1D-2.gif
99.06.11 08:57 B C:\mytemp\core\productline\buttedseam\pics\70-1D-7.gif <-- SiteTest /new/core/productline/buttedseam/pics 70-1D-7.gif
99.06.11 08:57 B C:\mytemp\core\productline\buttedseam\pics\70-D3B-2.gif <-- SiteTest /new/core/productline/buttedseam/pics 70-D3B-2.gif
99.06.11 08:57 B C:\mytemp\core\productline\buttedseam\pics\70-D3BR.gif <-- SiteTest /new/core/productline/buttedseam/pics 70-D3BR.gif
99.06.11 08:57 B C:\mytemp\core\productline\buttedseam\pics\70-Y3B-2.gif <-- SiteTest /new/core/productline/buttedseam/pics 70-Y3B-2.gif
99.06.11 08:57 B C:\mytemp\core\productline\buttedseam\pics\butted.gif <-- SiteTest /new/core/productline/buttedseam/pics butted.gif
99.06.11 08:57 B C:\mytemp\core\productline\buttedseam\pics\buttedhead.gif <-- SiteTest /new/core/productline/buttedseam/pics buttedhead.gif
99.06.11 08:57 B C:\mytemp\core\productline\buttedseam\pics\m.gif <-- SiteTest /new/core/productline/buttedseam/pics m.gif
99.06.11 08:57 B C:\mytemp\core\productline\buttedseam\pics\merrowlogo.gif <-- SiteTest /new/core/productline/buttedseam/pics merrowlogo.gif
99.06.11 08:57 B C:\mytemp\core\productline\buttedseam\pics\merrowpatch.gif <-- SiteTest /new/core/productline/buttedseam/pics merrowpatch.gif
99.06.11 08:57 B C:\mytemp\core\productline\buttedseam\pics\mpatch.gif <-- SiteTest /new/core/productline/buttedseam/pics mpatch.gif
99.06.11 08:57 B C:\mytemp\core\productline\buttedseam\pics\performance.gif <-- SiteTest /new/core/productline/buttedseam/pics performance.gif
99.06.11 08:57 B C:\mytemp\core\productline\buttedseam\pics\rule.gif <-- SiteTest /new/core/productline/buttedseam/pics rule.gif
99.06.11 08:57 B C:\mytemp\core\productline\buttedseam\pics\specs.gif <-- SiteTest /new/core/productline/buttedseam/pics specs.gif
99.06.11 08:57 B C:\mytemp\core\productline\buttedseam\pics\subhead.gif <-- SiteTest /new/core/productline/buttedseam/pics subhead.gif
99.06.11 08:57 B C:\mytemp\core\productline\buttedseam\pics\t.gif <-- SiteTest /new/core/productline/buttedseam/pics t.gif
99.06.11 08:57 B C:\mytemp\core\productline\buttedseam\pics\tile.gif <-- SiteTest /new/core/productline/buttedseam/pics tile.gif
99.06.11 09:00 B C:\mytemp\core\productline\buttedseam\pics\70-1D-2.gif --> merrow.com /core/productline/buttedseam/pics 70-1D-2.gif
99.06.11 09:00 B C:\mytemp\core\productline\buttedseam\pics\70-1D-7.gif --> merrow.com /core/productline/buttedseam/pics 70-1D-7.gif
99.06.11 09:00 B C:\mytemp\core\productline\buttedseam\pics\70-D3B-2.gif --> merrow.com /core/productline/buttedseam/pics 70-D3B-2.gif
99.06.11 09:00 B C:\mytemp\core\productline\buttedseam\pics\70-D3BR.gif --> merrow.com /core/productline/buttedseam/pics 70-D3BR.gif
99.06.11 09:00 B C:\mytemp\core\productline\buttedseam\pics\70-Y3B-2.gif --> merrow.com /core/productline/buttedseam/pics 70-Y3B-2.gif
99.06.11 09:00 B C:\mytemp\core\productline\buttedseam\pics\butted.gif --> merrow.com /core/productline/buttedseam/pics butted.gif
99.06.11 09:00 B C:\mytemp\core\productline\buttedseam\pics\buttedhead.gif --> merrow.com /core/productline/buttedseam/pics buttedhead.gif
99.06.11 09:00 B C:\mytemp\core\productline\buttedseam\pics\m.gif --> merrow.com /core/productline/buttedseam/pics m.gif
99.06.11 09:00 B C:\mytemp\core\productline\buttedseam\pics\merrowlogo.gif --> merrow.com /core/productline/buttedseam/pics merrowlogo.gif
99.06.11 09:00 B C:\mytemp\core\productline\buttedseam\pics\merrowpatch.gif --> merrow.com /core/productline/buttedseam/pics merrowpatch.gif
99.06.11 09:00 B C:\mytemp\core\productline\buttedseam\pics\mpatch.gif --> merrow.com /core/productline/buttedseam/pics mpatch.gif
99.06.11 09:00 B C:\mytemp\core\productline\buttedseam\pics\performance.gif --> merrow.com /core/productline/buttedseam/pics performance.gif
99.06.11 09:00 B C:\mytemp\core\productline\buttedseam\pics\rule.gif --> merrow.com /core/productline/buttedseam/pics rule.gif
99.06.11 09:00 B C:\mytemp\core\productline\buttedseam\pics\specs.gif --> merrow.com /core/productline/buttedseam/pics specs.gif
99.06.11 09:00 B C:\mytemp\core\productline\buttedseam\pics\subhead.gif --> merrow.com /core/productline/buttedseam/pics subhead.gif
99.06.11 09:00 B C:\mytemp\core\productline\buttedseam\pics\t.gif --> merrow.com /core/productline/buttedseam/pics t.gif
99.06.11 09:00 B C:\mytemp\core\productline\buttedseam\pics\tile.gif --> merrow.com /core/productline/buttedseam/pics tile.gif
