99.06.11 08:58 B C:\mytemp\core\techcenter\pics\70class.gif <-- SiteTest /new/core/techcenter/pics 70class.gif
99.06.11 08:58 B C:\mytemp\core\techcenter\pics\70name.gif <-- SiteTest /new/core/techcenter/pics 70name.gif
99.06.11 08:58 B C:\mytemp\core\techcenter\pics\butted.gif <-- SiteTest /new/core/techcenter/pics butted.gif
99.06.11 08:58 B C:\mytemp\core\techcenter\pics\commingsoon.gif <-- SiteTest /new/core/techcenter/pics commingsoon.gif
99.06.11 08:58 B C:\mytemp\core\techcenter\pics\crochet.gif <-- SiteTest /new/core/techcenter/pics crochet.gif
99.06.11 08:58 B C:\mytemp\core\techcenter\pics\crochetmach.gif <-- SiteTest /new/core/techcenter/pics crochetmach.gif
99.06.11 08:58 B C:\mytemp\core\techcenter\pics\crochetname.gif <-- SiteTest /new/core/techcenter/pics crochetname.gif
99.06.11 08:58 B C:\mytemp\core\techcenter\pics\crochetshell.gif <-- SiteTest /new/core/techcenter/pics crochetshell.gif
99.06.11 08:58 B C:\mytemp\core\techcenter\pics\decorative.gif <-- SiteTest /new/core/techcenter/pics decorative.gif
99.06.11 08:58 B C:\mytemp\core\techcenter\pics\delta.gif <-- SiteTest /new/core/techcenter/pics delta.gif
99.06.11 08:58 B C:\mytemp\core\techcenter\pics\deltaclass.gif <-- SiteTest /new/core/techcenter/pics deltaclass.gif
99.06.11 08:58 B C:\mytemp\core\techcenter\pics\hosiery.gif <-- SiteTest /new/core/techcenter/pics hosiery.gif
99.06.11 08:58 B C:\mytemp\core\techcenter\pics\hosierymach.gif <-- SiteTest /new/core/techcenter/pics hosierymach.gif
99.06.11 08:58 B C:\mytemp\core\techcenter\pics\hosieryname.gif <-- SiteTest /new/core/techcenter/pics hosieryname.gif
99.06.11 08:58 B C:\mytemp\core\techcenter\pics\merrowlogo.gif <-- SiteTest /new/core/techcenter/pics merrowlogo.gif
99.06.11 08:58 B C:\mytemp\core\techcenter\pics\mgandmclass.gif <-- SiteTest /new/core/techcenter/pics mgandmclass.gif
99.06.11 08:58 B C:\mytemp\core\techcenter\pics\mgnmclass.gif <-- SiteTest /new/core/techcenter/pics mgnmclass.gif
99.06.11 08:58 B C:\mytemp\core\techcenter\pics\mpatch.gif <-- SiteTest /new/core/techcenter/pics mpatch.gif
99.06.11 08:58 B C:\mytemp\core\techcenter\pics\performance.gif <-- SiteTest /new/core/techcenter/pics performance.gif
99.06.11 08:58 B C:\mytemp\core\techcenter\pics\t.gif <-- SiteTest /new/core/techcenter/pics t.gif
99.06.11 08:58 B C:\mytemp\core\techcenter\pics\techcenter.gif <-- SiteTest /new/core/techcenter/pics techcenter.gif
99.06.11 08:58 B C:\mytemp\core\techcenter\pics\techinfo.gif <-- SiteTest /new/core/techcenter/pics techinfo.gif
99.06.11 08:58 B C:\mytemp\core\techcenter\pics\tile.gif <-- SiteTest /new/core/techcenter/pics tile.gif
99.06.11 09:01 B C:\mytemp\core\techcenter\pics\70class.gif --> merrow.com /core/techcenter/pics 70class.gif
99.06.11 09:01 B C:\mytemp\core\techcenter\pics\70name.gif --> merrow.com /core/techcenter/pics 70name.gif
99.06.11 09:01 B C:\mytemp\core\techcenter\pics\butted.gif --> merrow.com /core/techcenter/pics butted.gif
99.06.11 09:01 B C:\mytemp\core\techcenter\pics\commingsoon.gif --> merrow.com /core/techcenter/pics commingsoon.gif
99.06.11 09:01 B C:\mytemp\core\techcenter\pics\crochet.gif --> merrow.com /core/techcenter/pics crochet.gif
99.06.11 09:01 B C:\mytemp\core\techcenter\pics\crochetmach.gif --> merrow.com /core/techcenter/pics crochetmach.gif
99.06.11 09:01 B C:\mytemp\core\techcenter\pics\crochetname.gif --> merrow.com /core/techcenter/pics crochetname.gif
99.06.11 09:01 B C:\mytemp\core\techcenter\pics\crochetshell.gif --> merrow.com /core/techcenter/pics crochetshell.gif
99.06.11 09:01 B C:\mytemp\core\techcenter\pics\decorative.gif --> merrow.com /core/techcenter/pics decorative.gif
99.06.11 09:01 B C:\mytemp\core\techcenter\pics\delta.gif --> merrow.com /core/techcenter/pics delta.gif
99.06.11 09:01 B C:\mytemp\core\techcenter\pics\deltaclass.gif --> merrow.com /core/techcenter/pics deltaclass.gif
99.06.11 09:01 B C:\mytemp\core\techcenter\pics\hosiery.gif --> merrow.com /core/techcenter/pics hosiery.gif
99.06.11 09:01 B C:\mytemp\core\techcenter\pics\hosierymach.gif --> merrow.com /core/techcenter/pics hosierymach.gif
99.06.11 09:01 B C:\mytemp\core\techcenter\pics\hosieryname.gif --> merrow.com /core/techcenter/pics hosieryname.gif
99.06.11 09:01 B C:\mytemp\core\techcenter\pics\merrowlogo.gif --> merrow.com /core/techcenter/pics merrowlogo.gif
99.06.11 09:01 B C:\mytemp\core\techcenter\pics\mgandmclass.gif --> merrow.com /core/techcenter/pics mgandmclass.gif
99.06.11 09:01 B C:\mytemp\core\techcenter\pics\mgnmclass.gif --> merrow.com /core/techcenter/pics mgnmclass.gif
99.06.11 09:01 B C:\mytemp\core\techcenter\pics\mpatch.gif --> merrow.com /core/techcenter/pics mpatch.gif
99.06.11 09:01 B C:\mytemp\core\techcenter\pics\performance.gif --> merrow.com /core/techcenter/pics performance.gif
99.06.11 09:01 B C:\mytemp\core\techcenter\pics\t.gif --> merrow.com /core/techcenter/pics t.gif
99.06.11 09:01 B C:\mytemp\core\techcenter\pics\techcenter.gif --> merrow.com /core/techcenter/pics techcenter.gif
99.06.11 09:01 B C:\mytemp\core\techcenter\pics\techinfo.gif --> merrow.com /core/techcenter/pics techinfo.gif
99.06.11 09:01 B C:\mytemp\core\techcenter\pics\tile.gif --> merrow.com /core/techcenter/pics tile.gif
