99.06.11 08:57 B C:\mytemp\core\distributors\pics\asia.gif <-- SiteTest /new/core/distributors/pics asia.gif
99.06.11 08:57 B C:\mytemp\core\distributors\pics\canada.gif <-- SiteTest /new/core/distributors/pics canada.gif
99.06.11 08:57 B C:\mytemp\core\distributors\pics\centralamer.gif <-- SiteTest /new/core/distributors/pics centralamer.gif
99.06.11 08:57 B C:\mytemp\core\distributors\pics\europe.gif <-- SiteTest /new/core/distributors/pics europe.gif
99.06.11 08:57 B C:\mytemp\core\distributors\pics\headline.gif <-- SiteTest /new/core/distributors/pics headline.gif
99.06.11 08:57 B C:\mytemp\core\distributors\pics\merrowlogo.gif <-- SiteTest /new/core/distributors/pics merrowlogo.gif
99.06.11 08:57 B C:\mytemp\core\distributors\pics\mexico.gif <-- SiteTest /new/core/distributors/pics mexico.gif
99.06.11 08:57 B C:\mytemp\core\distributors\pics\mideastasia.gif <-- SiteTest /new/core/distributors/pics mideastasia.gif
99.06.11 08:57 B C:\mytemp\core\distributors\pics\mpatch.gif <-- SiteTest /new/core/distributors/pics mpatch.gif
99.06.11 08:57 B C:\mytemp\core\distributors\pics\performance.gif <-- SiteTest /new/core/distributors/pics performance.gif
99.06.11 08:57 B C:\mytemp\core\distributors\pics\southamer.gif <-- SiteTest /new/core/distributors/pics southamer.gif
99.06.11 08:57 B C:\mytemp\core\distributors\pics\subhead.gif <-- SiteTest /new/core/distributors/pics subhead.gif
99.06.11 08:57 B C:\mytemp\core\distributors\pics\tile.gif <-- SiteTest /new/core/distributors/pics tile.gif
99.06.11 08:57 B C:\mytemp\core\distributors\pics\unitedstates.gif <-- SiteTest /new/core/distributors/pics unitedstates.gif
99.06.11 08:57 B C:\mytemp\core\distributors\pics\usa.gif <-- SiteTest /new/core/distributors/pics usa.gif
99.06.11 08:57 B C:\mytemp\core\distributors\pics\world.gif <-- SiteTest /new/core/distributors/pics world.gif
99.06.11 09:00 B C:\mytemp\core\distributors\pics\asia.gif --> merrow.com /core/distributors/pics asia.gif
99.06.11 09:00 B C:\mytemp\core\distributors\pics\canada.gif --> merrow.com /core/distributors/pics canada.gif
99.06.11 09:00 B C:\mytemp\core\distributors\pics\centralamer.gif --> merrow.com /core/distributors/pics centralamer.gif
99.06.11 09:00 B C:\mytemp\core\distributors\pics\europe.gif --> merrow.com /core/distributors/pics europe.gif
99.06.11 09:00 B C:\mytemp\core\distributors\pics\headline.gif --> merrow.com /core/distributors/pics headline.gif
99.06.11 09:00 B C:\mytemp\core\distributors\pics\merrowlogo.gif --> merrow.com /core/distributors/pics merrowlogo.gif
99.06.11 09:00 B C:\mytemp\core\distributors\pics\mexico.gif --> merrow.com /core/distributors/pics mexico.gif
99.06.11 09:00 B C:\mytemp\core\distributors\pics\mideastasia.gif --> merrow.com /core/distributors/pics mideastasia.gif
99.06.11 09:00 B C:\mytemp\core\distributors\pics\mpatch.gif --> merrow.com /core/distributors/pics mpatch.gif
99.06.11 09:00 B C:\mytemp\core\distributors\pics\performance.gif --> merrow.com /core/distributors/pics performance.gif
99.06.11 09:00 B C:\mytemp\core\distributors\pics\southamer.gif --> merrow.com /core/distributors/pics southamer.gif
99.06.11 09:00 B C:\mytemp\core\distributors\pics\subhead.gif --> merrow.com /core/distributors/pics subhead.gif
99.06.11 09:00 B C:\mytemp\core\distributors\pics\tile.gif --> merrow.com /core/distributors/pics tile.gif
99.06.11 09:00 B C:\mytemp\core\distributors\pics\unitedstates.gif --> merrow.com /core/distributors/pics unitedstates.gif
99.06.11 09:00 B C:\mytemp\core\distributors\pics\usa.gif --> merrow.com /core/distributors/pics usa.gif
99.06.11 09:00 B C:\mytemp\core\distributors\pics\world.gif --> merrow.com /core/distributors/pics world.gif
