99.06.11 08:57 B C:\mytemp\core\about\pics\1883.gif <-- SiteTest /new/core/about/pics 1883.gif
99.06.11 08:57 B C:\mytemp\core\about\pics\aboutmerrow.gif <-- SiteTest /new/core/about/pics aboutmerrow.gif
99.06.11 08:57 B C:\mytemp\core\about\pics\because.gif <-- SiteTest /new/core/about/pics because.gif
99.06.11 08:57 B C:\mytemp\core\about\pics\delta.gif <-- SiteTest /new/core/about/pics delta.gif
99.06.11 08:57 B C:\mytemp\core\about\pics\f.gif <-- SiteTest /new/core/about/pics f.gif
99.06.11 08:57 B C:\mytemp\core\about\pics\hand.gif <-- SiteTest /new/core/about/pics hand.gif
99.06.11 08:57 B C:\mytemp\core\about\pics\hundredyears.gif <-- SiteTest /new/core/about/pics hundredyears.gif
99.06.11 08:57 B C:\mytemp\core\about\pics\j.gif <-- SiteTest /new/core/about/pics j.gif
99.06.11 08:57 B C:\mytemp\core\about\pics\longway.gif <-- SiteTest /new/core/about/pics longway.gif
99.06.11 08:57 B C:\mytemp\core\about\pics\m.gif <-- SiteTest /new/core/about/pics m.gif
99.06.11 08:57 B C:\mytemp\core\about\pics\merrowlogo.gif <-- SiteTest /new/core/about/pics merrowlogo.gif
99.06.11 08:57 B C:\mytemp\core\about\pics\merrowpatch.gif <-- SiteTest /new/core/about/pics merrowpatch.gif
99.06.11 08:57 B C:\mytemp\core\about\pics\mpatch.gif <-- SiteTest /new/core/about/pics mpatch.gif
99.06.11 08:57 B C:\mytemp\core\about\pics\oldmach.gif <-- SiteTest /new/core/about/pics oldmach.gif
99.06.11 08:57 B C:\mytemp\core\about\pics\oldpics.gif <-- SiteTest /new/core/about/pics oldpics.gif
99.06.11 08:57 B C:\mytemp\core\about\pics\overview.gif <-- SiteTest /new/core/about/pics overview.gif
99.06.11 08:57 B C:\mytemp\core\about\pics\parts.gif <-- SiteTest /new/core/about/pics parts.gif
99.06.11 08:57 B C:\mytemp\core\about\pics\parts2.gif <-- SiteTest /new/core/about/pics parts2.gif
99.06.11 08:57 B C:\mytemp\core\about\pics\parts3.gif <-- SiteTest /new/core/about/pics parts3.gif
99.06.11 08:57 B C:\mytemp\core\about\pics\performance.gif <-- SiteTest /new/core/about/pics performance.gif
99.06.11 08:57 B C:\mytemp\core\about\pics\problem.gif <-- SiteTest /new/core/about/pics problem.gif
99.06.11 08:57 B C:\mytemp\core\about\pics\quality.gif <-- SiteTest /new/core/about/pics quality.gif
99.06.11 08:57 B C:\mytemp\core\about\pics\solution.gif <-- SiteTest /new/core/about/pics solution.gif
99.06.11 08:57 B C:\mytemp\core\about\pics\solutions.gif <-- SiteTest /new/core/about/pics solutions.gif
99.06.11 08:57 B C:\mytemp\core\about\pics\stiches.gif <-- SiteTest /new/core/about/pics stiches.gif
99.06.11 08:57 B C:\mytemp\core\about\pics\strong.gif <-- SiteTest /new/core/about/pics strong.gif
99.06.11 08:57 B C:\mytemp\core\about\pics\tile.gif <-- SiteTest /new/core/about/pics tile.gif
99.06.11 08:57 B C:\mytemp\core\about\pics\today.gif <-- SiteTest /new/core/about/pics today.gif
99.06.11 08:57 B C:\mytemp\core\about\pics\tractor.gif <-- SiteTest /new/core/about/pics tractor.gif
99.06.11 08:57 B C:\mytemp\core\about\pics\w.gif <-- SiteTest /new/core/about/pics w.gif
99.06.11 08:57 B C:\mytemp\core\about\pics\woman.gif <-- SiteTest /new/core/about/pics woman.gif
99.06.11 09:00 B C:\mytemp\core\about\pics\1883.gif --> merrow.com /core/about/pics 1883.gif
99.06.11 09:00 B C:\mytemp\core\about\pics\aboutmerrow.gif --> merrow.com /core/about/pics aboutmerrow.gif
99.06.11 09:00 B C:\mytemp\core\about\pics\because.gif --> merrow.com /core/about/pics because.gif
99.06.11 09:00 B C:\mytemp\core\about\pics\delta.gif --> merrow.com /core/about/pics delta.gif
99.06.11 09:00 B C:\mytemp\core\about\pics\f.gif --> merrow.com /core/about/pics f.gif
99.06.11 09:00 B C:\mytemp\core\about\pics\hand.gif --> merrow.com /core/about/pics hand.gif
99.06.11 09:00 B C:\mytemp\core\about\pics\hundredyears.gif --> merrow.com /core/about/pics hundredyears.gif
99.06.11 09:00 B C:\mytemp\core\about\pics\j.gif --> merrow.com /core/about/pics j.gif
99.06.11 09:00 B C:\mytemp\core\about\pics\longway.gif --> merrow.com /core/about/pics longway.gif
99.06.11 09:00 B C:\mytemp\core\about\pics\m.gif --> merrow.com /core/about/pics m.gif
99.06.11 09:00 B C:\mytemp\core\about\pics\merrowlogo.gif --> merrow.com /core/about/pics merrowlogo.gif
99.06.11 09:00 B C:\mytemp\core\about\pics\merrowpatch.gif --> merrow.com /core/about/pics merrowpatch.gif
99.06.11 09:00 B C:\mytemp\core\about\pics\mpatch.gif --> merrow.com /core/about/pics mpatch.gif
99.06.11 09:00 B C:\mytemp\core\about\pics\oldmach.gif --> merrow.com /core/about/pics oldmach.gif
99.06.11 09:00 B C:\mytemp\core\about\pics\oldpics.gif --> merrow.com /core/about/pics oldpics.gif
99.06.11 09:00 B C:\mytemp\core\about\pics\overview.gif --> merrow.com /core/about/pics overview.gif
99.06.11 09:00 B C:\mytemp\core\about\pics\parts.gif --> merrow.com /core/about/pics parts.gif
99.06.11 09:00 B C:\mytemp\core\about\pics\parts2.gif --> merrow.com /core/about/pics parts2.gif
99.06.11 09:00 B C:\mytemp\core\about\pics\parts3.gif --> merrow.com /core/about/pics parts3.gif
99.06.11 09:00 B C:\mytemp\core\about\pics\performance.gif --> merrow.com /core/about/pics performance.gif
99.06.11 09:00 B C:\mytemp\core\about\pics\problem.gif --> merrow.com /core/about/pics problem.gif
99.06.11 09:00 B C:\mytemp\core\about\pics\quality.gif --> merrow.com /core/about/pics quality.gif
99.06.11 09:00 B C:\mytemp\core\about\pics\solution.gif --> merrow.com /core/about/pics solution.gif
99.06.11 09:00 B C:\mytemp\core\about\pics\solutions.gif --> merrow.com /core/about/pics solutions.gif
99.06.11 09:00 B C:\mytemp\core\about\pics\stiches.gif --> merrow.com /core/about/pics stiches.gif
99.06.11 09:00 B C:\mytemp\core\about\pics\strong.gif --> merrow.com /core/about/pics strong.gif
99.06.11 09:00 B C:\mytemp\core\about\pics\tile.gif --> merrow.com /core/about/pics tile.gif
99.06.11 09:00 B C:\mytemp\core\about\pics\today.gif --> merrow.com /core/about/pics today.gif
99.06.11 09:00 B C:\mytemp\core\about\pics\tractor.gif --> merrow.com /core/about/pics tractor.gif
99.06.11 09:00 B C:\mytemp\core\about\pics\w.gif --> merrow.com /core/about/pics w.gif
99.06.11 09:00 B C:\mytemp\core\about\pics\woman.gif --> merrow.com /core/about/pics woman.gif
